#
# There is insufficient memory for the Java Runtime Environment to continue.
# Native memory allocation (malloc) failed to allocate 1675216 bytes for Chunk::new
# Possible reasons:
#   The system is out of physical RAM or swap space
#   In 32 bit mode, the process size limit was hit
# Possible solutions:
#   Reduce memory load on the system
#   Increase physical memory or swap space
#   Check if swap backing store is full
#   Use 64 bit Java on a 64 bit OS
#   Decrease Java heap size (-Xmx/-Xms)
#   Decrease number of Java threads
#   Decrease Java thread stack sizes (-Xss)
#   Set larger code cache with -XX:ReservedCodeCacheSize=
# This output file may be truncated or incomplete.
#
#  Out of Memory Error (allocation.cpp:390), pid=13100, tid=2076
#
# JRE version: Java(TM) SE Runtime Environment (8.0_60-b27) (build 1.8.0_60-b27)
# Java VM: Java HotSpot(TM) 64-Bit Server VM (25.60-b23 mixed mode windows-amd64 compressed oops)
# Failed to write core dump. Minidumps are not enabled by default on client versions of Windows
#

---------------  T H R E A D  ---------------

Current thread (0x0000000017826800):  JavaThread "C2 CompilerThread2" daemon [_thread_in_native, id=2076, stack(0x00000000180c0000,0x00000000181c0000)]

Stack: [0x00000000180c0000,0x00000000181c0000]
[error occurred during error reporting (printing stack bounds), id 0xc0000005]

Native frames: (J=compiled Java code, j=interpreted, Vv=VM code, C=native code)


Current CompileTask:
C2:   3143 2661       4       org.antlr.v4.runtime.atn.ParserATNSimulator::closureCheckingStopState (244 bytes)


---------------  P R O C E S S  ---------------

Java Threads: ( => current thread )
  0x000000001782b800 JavaThread "ForkJoinPool-1-worker-11" daemon [_thread_new, id=23248, stack(0x0000000000000000,0x0000000000000000)]
  0x000000001782b000 JavaThread "junit-timeout-thread-1" daemon [_thread_in_Java, id=12812, stack(0x0000000020c10000,0x0000000020d10000)]
  0x000000001782a000 JavaThread "WorldEdit Session Manager" daemon [_thread_blocked, id=15724, stack(0x000000001c6a0000,0x000000001c7a0000)]
  0x0000000017829800 JavaThread "ForkJoinPool-1-worker-0" daemon [_thread_blocked, id=23084, stack(0x000000001afd0000,0x000000001b0d0000)]
  0x0000000019248000 JavaThread "ForkJoinPool-1-worker-7" daemon [_thread_blocked, id=13932, stack(0x000000001aed0000,0x000000001afd0000)]
  0x00000000191b4800 JavaThread "ForkJoinPool-1-worker-6" daemon [_thread_blocked, id=148, stack(0x000000001add0000,0x000000001aed0000)]
  0x00000000191b3800 JavaThread "ForkJoinPool-1-worker-5" daemon [_thread_blocked, id=7856, stack(0x000000001acd0000,0x000000001add0000)]
  0x00000000191b3000 JavaThread "ForkJoinPool-1-worker-4" daemon [_thread_blocked, id=18712, stack(0x000000001aad0000,0x000000001abd0000)]
  0x0000000019254800 JavaThread "ForkJoinPool-1-worker-3" daemon [_thread_blocked, id=11220, stack(0x000000001a9d0000,0x000000001aad0000)]
  0x0000000019254000 JavaThread "ForkJoinPool-1-worker-2" daemon [_thread_blocked, id=2520, stack(0x000000001a8d0000,0x000000001a9d0000)]
  0x0000000018bb2800 JavaThread "ForkJoinPool-1-worker-1" daemon [_thread_in_Java, id=19132, stack(0x000000001a7d0000,0x000000001a8d0000)]
  0x00000000190de800 JavaThread "/127.0.0.1:56355 to /127.0.0.1:56348 workers Thread 3" [_thread_in_native, id=8708, stack(0x000000001a2d0000,0x000000001a3d0000)]
  0x0000000019210800 JavaThread "/127.0.0.1:56355 to /127.0.0.1:56348 workers Thread 2" [_thread_blocked, id=15728, stack(0x000000001a1d0000,0x000000001a2d0000)]
  0x00000000191d2000 JavaThread "Test worker" [_thread_blocked, id=6140, stack(0x0000000019d90000,0x0000000019e90000)]
  0x00000000178bd800 JavaThread "Service Thread" daemon [_thread_blocked, id=23392, stack(0x00000000182c0000,0x00000000183c0000)]
  0x0000000017828000 JavaThread "C1 CompilerThread3" daemon [_thread_blocked, id=9128, stack(0x00000000181c0000,0x00000000182c0000)]
=>0x0000000017826800 JavaThread "C2 CompilerThread2" daemon [_thread_in_native, id=2076, stack(0x00000000180c0000,0x00000000181c0000)]
  0x0000000017816000 JavaThread "C2 CompilerThread1" daemon [_thread_in_native, id=23308, stack(0x0000000017fc0000,0x00000000180c0000)]
  0x0000000017814000 JavaThread "C2 CompilerThread0" daemon [_thread_in_native, id=18892, stack(0x0000000017ec0000,0x0000000017fc0000)]
  0x0000000017810000 JavaThread "Attach Listener" daemon [_thread_blocked, id=14596, stack(0x0000000017dc0000,0x0000000017ec0000)]
  0x000000001780f000 JavaThread "Signal Dispatcher" daemon [_thread_blocked, id=17000, stack(0x0000000017cc0000,0x0000000017dc0000)]
  0x0000000002b6a000 JavaThread "Finalizer" daemon [_thread_blocked, id=11900, stack(0x0000000017570000,0x0000000017670000)]
  0x0000000002b63000 JavaThread "Reference Handler" daemon [_thread_blocked, id=8116, stack(0x0000000017470000,0x0000000017570000)]
  0x0000000002a4e800 JavaThread "main" [_thread_blocked, id=1456, stack(0x0000000002900000,0x0000000002a00000)]

Other Threads:
  0x000000001568a000 VMThread [stack: 0x0000000017370000,0x0000000017470000] [id=12744]
  0x000000001794b800 WatcherThread [stack: 0x00000000183c0000,0x00000000184c0000] [id=18340]

VM state:not at safepoint (normal execution)

VM Mutex/Monitor currently owned by a thread: None

Heap:
 PSYoungGen      total 76288K, used 67138K [0x00000000eab00000, 0x00000000f2000000, 0x0000000100000000)
  eden space 65536K, 94% used [0x00000000eab00000,0x00000000ee7b3288,0x00000000eeb00000)
  from space 10752K, 46% used [0x00000000ef580000,0x00000000efa5d8f0,0x00000000f0000000)
  to   space 10752K, 0% used [0x00000000eeb00000,0x00000000eeb00000,0x00000000ef580000)
 ParOldGen       total 102912K, used 6505K [0x00000000c0000000, 0x00000000c6480000, 0x00000000eab00000)
  object space 102912K, 6% used [0x00000000c0000000,0x00000000c065a768,0x00000000c6480000)
 Metaspace       used 27799K, capacity 32506K, committed 32512K, reserved 1077248K
  class space    used 4308K, capacity 5117K, committed 5120K, reserved 1048576K

Card table byte_map: [0x0000000011f30000,0x0000000012140000] byte_map_base: 0x0000000011930000

Marking Bits: (ParMarkBitMap*) 0x000000005871a5b0
 Begin Bits: [0x0000000012aa0000, 0x0000000013aa0000)
 End Bits:   [0x0000000013aa0000, 0x0000000014aa0000)

Polling page: 0x0000000001070000

CodeCache: size=245760Kb used=9747Kb max_used=9747Kb free=236012Kb
 bounds [0x0000000002b70000, 0x0000000003500000, 0x0000000011b70000]
 total_blobs=3901 nmethods=3385 adapters=428
 compilation: enabled

Compilation events (10 events):
Event: 3.139 Thread 0x0000000017828000 3422       1       org.antlr.v4.runtime.CodePointCharStream::release (1 bytes)
Event: 3.139 Thread 0x0000000017828000 nmethod 3422 0x00000000034f2c90 code [0x00000000034f2de0, 0x00000000034f2ef0]
Event: 3.139 Thread 0x0000000017828000 3411       2       org.junit.platform.launcher.core.InternalTestPlan::getTestIdentifier (9 bytes)
Event: 3.140 Thread 0x0000000017828000 nmethod 3411 0x00000000034f2f50 code [0x00000000034f30c0, 0x00000000034f3248]
Event: 3.140 Thread 0x0000000017828000 3423       2       jdk.internal.org.objectweb.asm.Frame::merge (306 bytes)
Event: 3.140 Thread 0x0000000017828000 nmethod 3423 0x00000000034f32d0 code [0x00000000034f3460, 0x00000000034f3908]
Event: 3.140 Thread 0x0000000017828000 3420       2       org.mockito.internal.invocation.InterceptedInvocation::getMethod (10 bytes)
Event: 3.140 Thread 0x0000000017828000 nmethod 3420 0x00000000034f3b90 code [0x00000000034f3ce0, 0x00000000034f3e70]
Event: 3.140 Thread 0x0000000017828000 3413       2       org.antlr.v4.runtime.atn.ATNConfigSet::isEmpty (8 bytes)
Event: 3.140 Thread 0x0000000017828000 nmethod 3413 0x00000000034f3f50 code [0x00000000034f40a0, 0x00000000034f4210]

GC Heap History (10 events):
Event: 1.291 GC heap before
{Heap before GC invocations=1 (full 0):
 PSYoungGen      total 76288K, used 65536K [0x00000000eab00000, 0x00000000f0000000, 0x0000000100000000)
  eden space 65536K, 100% used [0x00000000eab00000,0x00000000eeb00000,0x00000000eeb00000)
  from space 10752K, 0% used [0x00000000ef580000,0x00000000ef580000,0x00000000f0000000)
  to   space 10752K, 0% used [0x00000000eeb00000,0x00000000eeb00000,0x00000000ef580000)
 ParOldGen       total 175104K, used 0K [0x00000000c0000000, 0x00000000cab00000, 0x00000000eab00000)
  object space 175104K, 0% used [0x00000000c0000000,0x00000000c0000000,0x00000000cab00000)
 Metaspace       used 12347K, capacity 13348K, committed 13440K, reserved 1060864K
  class space    used 1640K, capacity 1844K, committed 1920K, reserved 1048576K
Event: 1.305 GC heap after
Heap after GC invocations=1 (full 0):
 PSYoungGen      total 76288K, used 7153K [0x00000000eab00000, 0x00000000f0000000, 0x0000000100000000)
  eden space 65536K, 0% used [0x00000000eab00000,0x00000000eab00000,0x00000000eeb00000)
  from space 10752K, 66% used [0x00000000eeb00000,0x00000000ef1fc770,0x00000000ef580000)
  to   space 10752K, 0% used [0x00000000ef580000,0x00000000ef580000,0x00000000f0000000)
 ParOldGen       total 175104K, used 8K [0x00000000c0000000, 0x00000000cab00000, 0x00000000eab00000)
  object space 175104K, 0% used [0x00000000c0000000,0x00000000c0002000,0x00000000cab00000)
 Metaspace       used 12347K, capacity 13348K, committed 13440K, reserved 1060864K
  class space    used 1640K, capacity 1844K, committed 1920K, reserved 1048576K
}
Event: 1.860 GC heap before
{Heap before GC invocations=2 (full 0):
 PSYoungGen      total 76288K, used 72689K [0x00000000eab00000, 0x00000000f0000000, 0x0000000100000000)
  eden space 65536K, 100% used [0x00000000eab00000,0x00000000eeb00000,0x00000000eeb00000)
  from space 10752K, 66% used [0x00000000eeb00000,0x00000000ef1fc770,0x00000000ef580000)
  to   space 10752K, 0% used [0x00000000ef580000,0x00000000ef580000,0x00000000f0000000)
 ParOldGen       total 175104K, used 8K [0x00000000c0000000, 0x00000000cab00000, 0x00000000eab00000)
  object space 175104K, 0% used [0x00000000c0000000,0x00000000c0002000,0x00000000cab00000)
 Metaspace       used 16720K, capacity 18350K, committed 18560K, reserved 1064960K
  class space    used 2536K, capacity 2853K, committed 2944K, reserved 1048576K
Event: 1.866 GC heap after
Heap after GC invocations=2 (full 0):
 PSYoungGen      total 76288K, used 8225K [0x00000000eab00000, 0x00000000f0000000, 0x0000000100000000)
  eden space 65536K, 0% used [0x00000000eab00000,0x00000000eab00000,0x00000000eeb00000)
  from space 10752K, 76% used [0x00000000ef580000,0x00000000efd887c8,0x00000000f0000000)
  to   space 10752K, 0% used [0x00000000eeb00000,0x00000000eeb00000,0x00000000ef580000)
 ParOldGen       total 175104K, used 32K [0x00000000c0000000, 0x00000000cab00000, 0x00000000eab00000)
  object space 175104K, 0% used [0x00000000c0000000,0x00000000c0008000,0x00000000cab00000)
 Metaspace       used 16720K, capacity 18350K, committed 18560K, reserved 1064960K
  class space    used 2536K, capacity 2853K, committed 2944K, reserved 1048576K
}
Event: 2.138 GC heap before
{Heap before GC invocations=3 (full 0):
 PSYoungGen      total 76288K, used 37945K [0x00000000eab00000, 0x00000000f0000000, 0x0000000100000000)
  eden space 65536K, 45% used [0x00000000eab00000,0x00000000ec805cf8,0x00000000eeb00000)
  from space 10752K, 76% used [0x00000000ef580000,0x00000000efd887c8,0x00000000f0000000)
  to   space 10752K, 0% used [0x00000000eeb00000,0x00000000eeb00000,0x00000000ef580000)
 ParOldGen       total 175104K, used 32K [0x00000000c0000000, 0x00000000cab00000, 0x00000000eab00000)
  object space 175104K, 0% used [0x00000000c0000000,0x00000000c0008000,0x00000000cab00000)
 Metaspace       used 19532K, capacity 21238K, committed 21248K, reserved 1067008K
  class space    used 2999K, capacity 3327K, committed 3328K, reserved 1048576K
Event: 2.140 GC heap after
Heap after GC invocations=3 (full 0):
 PSYoungGen      total 76288K, used 6779K [0x00000000eab00000, 0x00000000f0000000, 0x0000000100000000)
  eden space 65536K, 0% used [0x00000000eab00000,0x00000000eab00000,0x00000000eeb00000)
  from space 10752K, 63% used [0x00000000eeb00000,0x00000000ef19ec00,0x00000000ef580000)
  to   space 10752K, 0% used [0x00000000ef580000,0x00000000ef580000,0x00000000f0000000)
 ParOldGen       total 175104K, used 40K [0x00000000c0000000, 0x00000000cab00000, 0x00000000eab00000)
  object space 175104K, 0% used [0x00000000c0000000,0x00000000c000a000,0x00000000cab00000)
 Metaspace       used 19532K, capacity 21238K, committed 21248K, reserved 1067008K
  class space    used 2999K, capacity 3327K, committed 3328K, reserved 1048576K
}
Event: 2.141 GC heap before
{Heap before GC invocations=4 (full 1):
 PSYoungGen      total 76288K, used 6779K [0x00000000eab00000, 0x00000000f0000000, 0x0000000100000000)
  eden space 65536K, 0% used [0x00000000eab00000,0x00000000eab00000,0x00000000eeb00000)
  from space 10752K, 63% used [0x00000000eeb00000,0x00000000ef19ec00,0x00000000ef580000)
  to   space 10752K, 0% used [0x00000000ef580000,0x00000000ef580000,0x00000000f0000000)
 ParOldGen       total 175104K, used 40K [0x00000000c0000000, 0x00000000cab00000, 0x00000000eab00000)
  object space 175104K, 0% used [0x00000000c0000000,0x00000000c000a000,0x00000000cab00000)
 Metaspace       used 19532K, capacity 21238K, committed 21248K, reserved 1067008K
  class space    used 2999K, capacity 3327K, committed 3328K, reserved 1048576K
Event: 2.159 GC heap after
Heap after GC invocations=4 (full 1):
 PSYoungGen      total 76288K, used 0K [0x00000000eab00000, 0x00000000f0000000, 0x0000000100000000)
  eden space 65536K, 0% used [0x00000000eab00000,0x00000000eab00000,0x00000000eeb00000)
  from space 10752K, 0% used [0x00000000eeb00000,0x00000000eeb00000,0x00000000ef580000)
  to   space 10752K, 0% used [0x00000000ef580000,0x00000000ef580000,0x00000000f0000000)
 ParOldGen       total 102912K, used 6497K [0x00000000c0000000, 0x00000000c6480000, 0x00000000eab00000)
  object space 102912K, 6% used [0x00000000c0000000,0x00000000c0658768,0x00000000c6480000)
 Metaspace       used 19224K, capacity 20410K, committed 21248K, reserved 1067008K
  class space    used 2900K, capacity 3157K, committed 3328K, reserved 1048576K
}
Event: 2.922 GC heap before
{Heap before GC invocations=5 (full 1):
 PSYoungGen      total 76288K, used 65536K [0x00000000eab00000, 0x00000000f0000000, 0x0000000100000000)
  eden space 65536K, 100% used [0x00000000eab00000,0x00000000eeb00000,0x00000000eeb00000)
  from space 10752K, 0% used [0x00000000eeb00000,0x00000000eeb00000,0x00000000ef580000)
  to   space 10752K, 0% used [0x00000000ef580000,0x00000000ef580000,0x00000000f0000000)
 ParOldGen       total 102912K, used 6497K [0x00000000c0000000, 0x00000000c6480000, 0x00000000eab00000)
  object space 102912K, 6% used [0x00000000c0000000,0x00000000c0658768,0x00000000c6480000)
 Metaspace       used 26600K, capacity 30686K, committed 30720K, reserved 1075200K
  class space    used 4130K, capacity 4855K, committed 4864K, reserved 1048576K
Event: 2.925 GC heap after
Heap after GC invocations=5 (full 1):
 PSYoungGen      total 76288K, used 4982K [0x00000000eab00000, 0x00000000f2000000, 0x0000000100000000)
  eden space 65536K, 0% used [0x00000000eab00000,0x00000000eab00000,0x00000000eeb00000)
  from space 10752K, 46% used [0x00000000ef580000,0x00000000efa5d8f0,0x00000000f0000000)
  to   space 10752K, 0% used [0x00000000eeb00000,0x00000000eeb00000,0x00000000ef580000)
 ParOldGen       total 102912K, used 6505K [0x00000000c0000000, 0x00000000c6480000, 0x00000000eab00000)
  object space 102912K, 6% used [0x00000000c0000000,0x00000000c065a768,0x00000000c6480000)
 Metaspace       used 26600K, capacity 30686K, committed 30720K, reserved 1075200K
  class space    used 4130K, capacity 4855K, committed 4864K, reserved 1048576K
}

Deoptimization events (10 events):
Event: 3.040 Thread 0x00000000191b4800 Uncommon trap: reason=array_check action=maybe_recompile pc=0x000000000347e84c method=org.antlr.v4.runtime.misc.Array2DHashSet.getOrAddImpl(Ljava/lang/Object;)Ljava/lang/Object; @ 36
Event: 3.040 Thread 0x00000000191b4800 Uncommon trap: reason=array_check action=maybe_recompile pc=0x000000000347e84c method=org.antlr.v4.runtime.misc.Array2DHashSet.getOrAddImpl(Ljava/lang/Object;)Ljava/lang/Object; @ 36
Event: 3.061 Thread 0x0000000017829800 Uncommon trap: reason=class_check action=maybe_recompile pc=0x00000000033cf23c method=java.lang.invoke.DirectMethodHandle.internalMemberName(Ljava/lang/Object;)Ljava/lang/Object; @ 1
Event: 3.063 Thread 0x0000000017829800 Uncommon trap: reason=array_check action=maybe_recompile pc=0x000000000348fa8c method=org.antlr.v4.runtime.misc.Array2DHashSet.getOrAddImpl(Ljava/lang/Object;)Ljava/lang/Object; @ 74
Event: 3.063 Thread 0x0000000017829800 Uncommon trap: reason=array_check action=maybe_recompile pc=0x000000000348fa8c method=org.antlr.v4.runtime.misc.Array2DHashSet.getOrAddImpl(Ljava/lang/Object;)Ljava/lang/Object; @ 74
Event: 3.068 Thread 0x0000000017829800 Uncommon trap: reason=class_check action=maybe_recompile pc=0x00000000033cf23c method=java.lang.invoke.DirectMethodHandle.internalMemberName(Ljava/lang/Object;)Ljava/lang/Object; @ 1
Event: 3.071 Thread 0x0000000017829800 Uncommon trap: reason=class_check action=maybe_recompile pc=0x00000000033cf23c method=java.lang.invoke.DirectMethodHandle.internalMemberName(Ljava/lang/Object;)Ljava/lang/Object; @ 1
Event: 3.091 Thread 0x0000000019248000 Uncommon trap: reason=unstable_if action=reinterpret pc=0x00000000034a2fec method=org.antlr.v4.runtime.CommonTokenStream.LB(I)Lorg/antlr/v4/runtime/Token; @ 10
Event: 3.098 Thread 0x0000000019248000 Uncommon trap: reason=array_check action=maybe_recompile pc=0x00000000034ba224 method=org.antlr.v4.runtime.misc.Array2DHashSet.getOrAddImpl(Ljava/lang/Object;)Ljava/lang/Object; @ 128
Event: 3.098 Thread 0x0000000018bb2800 Uncommon trap: reason=array_check action=maybe_recompile pc=0x00000000034ba224 method=org.antlr.v4.runtime.misc.Array2DHashSet.getOrAddImpl(Ljava/lang/Object;)Ljava/lang/Object; @ 128

Internal exceptions (10 events):
Event: 2.518 Thread 0x0000000019254000 Exception <a 'java/lang/NoSuchFieldError': method resolution failed> (0x00000000ec573fb0) thrown at [C:\re\workspace\8-2-build-windows-amd64-cygwin\jdk8u60\4407\hotspot\src\share\vm\prims\methodHandles.cpp, line 1146]
Event: 2.518 Thread 0x0000000019254000 Exception <a 'java/lang/NoSuchMethodError': java.lang.Character.<init>(Ljava/lang/String;)V> (0x00000000ec5752f8) thrown at [C:\re\workspace\8-2-build-windows-amd64-cygwin\jdk8u60\4407\hotspot\src\share\vm\interpreter\linkResolver.cpp, line 582]
Event: 2.562 Thread 0x0000000019254000 Exception <a 'java/lang/NoSuchFieldError': method resolution failed> (0x00000000ec8c3df0) thrown at [C:\re\workspace\8-2-build-windows-amd64-cygwin\jdk8u60\4407\hotspot\src\share\vm\prims\methodHandles.cpp, line 1146]
Event: 2.562 Thread 0x0000000019254000 Exception <a 'java/lang/NoSuchMethodError': java.lang.Character.<init>(Ljava/lang/String;)V> (0x00000000ec8c5138) thrown at [C:\re\workspace\8-2-build-windows-amd64-cygwin\jdk8u60\4407\hotspot\src\share\vm\interpreter\linkResolver.cpp, line 582]
Event: 2.630 Thread 0x0000000019254000 Exception <a 'java/lang/NoSuchFieldError': method resolution failed> (0x00000000ece511f0) thrown at [C:\re\workspace\8-2-build-windows-amd64-cygwin\jdk8u60\4407\hotspot\src\share\vm\prims\methodHandles.cpp, line 1146]
Event: 2.630 Thread 0x0000000019254000 Exception <a 'java/lang/NoSuchMethodError': java.lang.Character.<init>(Ljava/lang/String;)V> (0x00000000ece52538) thrown at [C:\re\workspace\8-2-build-windows-amd64-cygwin\jdk8u60\4407\hotspot\src\share\vm\interpreter\linkResolver.cpp, line 582]
Event: 2.729 Thread 0x0000000019254000 Exception <a 'java/lang/NoSuchMethodError': org.slf4j.impl.StaticMDCBinder.getSingleton()Lorg/slf4j/impl/StaticMDCBinder;> (0x00000000ed31d4f8) thrown at [C:\re\workspace\8-2-build-windows-amd64-cygwin\jdk8u60\4407\hotspot\src\share\vm\interpreter\linkResoâJ‡˜\æ@
Event: 2.737 Thread 0x0000000019254800 Exception <a 'java/lang/IncompatibleClassChangeError': Found class java.lang.Object, but interface was expected> (0x00000000ed683c18) thrown at [C:\re\workspace\8-2-build-windows-amd64-cygwin\jdk8u60\4407\hotspot\src\share\vm\interpreter\linkResolver.cpp, s½m¦Bì@
Event: 2.740 Thread 0x0000000019254800 Exception <a 'java/lang/NoSuchMethodError': java.lang.Object.lambda$ofVoid$0(Lorg/junit/jupiter/engine/execution/InvocationInterceptorChain$VoidInterceptorCall;Lorg/junit/jupiter/api/extension/InvocationInterceptor;Lorg/junit/jupiter/api/extension/Invocaticªªál¤@
Event: 2.955 Thread 0x00000000191b4800 Exception <a 'java/lang/IncompatibleClassChangeError': Found class java.lang.Object, but interface was expected> (0x00000000eb146440) thrown at [C:\re\workspace\8-2-build-windows-amd64-cygwin\jdk8u60\4407\hotspot\src\share\vm\interpreter\linkResolver.cpp, œ¥d9	%@

Events (10 events):
Event: 3.122 loading class java/util/concurrent/CompletableFuture done
Event: 3.122 loading class java/util/concurrent/CompletableFuture$AltResult
Event: 3.122 loading class java/util/concurrent/CompletableFuture$AltResult done
Event: 3.122 loading class java/util/concurrent/CompletableFuture$Completion
Event: 3.130 Thread 0x0000000018bb2800 DEOPT PACKING pc=0x0000000003473eb1 sp=0x000000001a8cc390
Event: 3.130 Thread 0x0000000018bb2800 DEOPT UNPACKING pc=0x0000000002bb787f sp=0x000000001a8cc150 mode 0
Event: 3.133 loading class java/util/concurrent/CompletableFuture$AsynchronousCompletionTask
Event: 3.135 loading class java/util/concurrent/CompletableFuture$AsynchronousCompletionTask done
Event: 3.135 loading class java/util/concurrent/CompletableFuture$Completion done
Event: 3.137 Thread 0x000000001782b800 Thread added: 0x000000001782b800


Dynamic libraries:
0x00007ff795020000 - 0x00007ff795057000 	C:\Program Files\Java\jdk1.8.0_60\bin\java.exe
0x00007ffaf3850000 - 0x00007ffaf3a45000 	C:\WINDOWS\SYSTEM32\ntdll.dll
0x00007ffaf1c30000 - 0x00007ffaf1ced000 	C:\WINDOWS\System32\KERNEL32.DLL
0x00007ffaf13a0000 - 0x00007ffaf1669000 	C:\WINDOWS\System32\KERNELBASE.dll
0x00007ffaf24e0000 - 0x00007ffaf258c000 	C:\WINDOWS\System32\ADVAPI32.dll
0x00007ffaf1cf0000 - 0x00007ffaf1d8e000 	C:\WINDOWS\System32\msvcrt.dll
0x00007ffaf2d60000 - 0x00007ffaf2dfc000 	C:\WINDOWS\System32\sechost.dll
0x00007ffaf18c0000 - 0x00007ffaf19eb000 	C:\WINDOWS\System32\RPCRT4.dll
0x00007ffaf2e70000 - 0x00007ffaf3010000 	C:\WINDOWS\System32\USER32.dll
0x00007ffaf1880000 - 0x00007ffaf18a2000 	C:\WINDOWS\System32\win32u.dll
0x00007ffaf1a10000 - 0x00007ffaf1a3a000 	C:\WINDOWS\System32\GDI32.dll
0x00007ffaf1290000 - 0x00007ffaf139b000 	C:\WINDOWS\System32\gdi32full.dll
0x00007ffaf1140000 - 0x00007ffaf11dd000 	C:\WINDOWS\System32\msvcp_win.dll
0x00007ffaf0f90000 - 0x00007ffaf1090000 	C:\WINDOWS\System32\ucrtbase.dll
0x00007ffae7da0000 - 0x00007ffae803a000 	C:\WINDOWS\WinSxS\amd64_microsoft.windows.common-controls_6595b64144ccf1df_6.0.19041.844_none_ca00b6081b84eb1d\COMCTL32.dll
0x00007ffaf37e0000 - 0x00007ffaf3810000 	C:\WINDOWS\System32\IMM32.DLL
0x000000005a800000 - 0x000000005a8d2000 	C:\Program Files\Java\jdk1.8.0_60\jre\bin\msvcr100.dll
0x0000000057f10000 - 0x0000000058799000 	C:\Program Files\Java\jdk1.8.0_60\jre\bin\server\jvm.dll
0x00007ffaf1b50000 - 0x00007ffaf1b58000 	C:\WINDOWS\System32\PSAPI.DLL
0x00007ffadf1d0000 - 0x00007ffadf1d9000 	C:\WINDOWS\SYSTEM32\WSOCK32.dll
0x00007ffaebde0000 - 0x00007ffaebdea000 	C:\WINDOWS\SYSTEM32\VERSION.dll
0x00007ffae9030000 - 0x00007ffae9057000 	C:\WINDOWS\SYSTEM32\WINMM.dll
0x00007ffaf2e00000 - 0x00007ffaf2e6b000 	C:\WINDOWS\System32\WS2_32.dll
0x000000005a930000 - 0x000000005a93f000 	C:\Program Files\Java\jdk1.8.0_60\jre\bin\verify.dll
0x000000005a7d0000 - 0x000000005a7f9000 	C:\Program Files\Java\jdk1.8.0_60\jre\bin\java.dll
0x000000005a910000 - 0x000000005a926000 	C:\Program Files\Java\jdk1.8.0_60\jre\bin\zip.dll
0x00007ffaf2610000 - 0x00007ffaf2d52000 	C:\WINDOWS\System32\SHELL32.dll
0x00007ffaeee20000 - 0x00007ffaef5b0000 	C:\WINDOWS\SYSTEM32\windows.storage.dll
0x00007ffaf3180000 - 0x00007ffaf34d5000 	C:\WINDOWS\System32\combase.dll
0x00007ffaf0a00000 - 0x00007ffaf0a2c000 	C:\WINDOWS\SYSTEM32\Wldp.dll
0x00007ffaf3670000 - 0x00007ffaf371e000 	C:\WINDOWS\System32\SHCORE.dll
0x00007ffaf3780000 - 0x00007ffaf37d5000 	C:\WINDOWS\System32\shlwapi.dll
0x00007ffaf0ed0000 - 0x00007ffaf0eef000 	C:\WINDOWS\SYSTEM32\profapi.dll
0x000000005a7b0000 - 0x000000005a7ca000 	C:\Program Files\Java\jdk1.8.0_60\jre\bin\net.dll
0x00007ffaf0780000 - 0x00007ffaf07ea000 	C:\WINDOWS\system32\mswsock.dll
0x0000000057ef0000 - 0x0000000057f01000 	C:\Program Files\Java\jdk1.8.0_60\jre\bin\nio.dll
0x00007ffaf0950000 - 0x00007ffaf0968000 	C:\WINDOWS\SYSTEM32\CRYPTSP.dll
0x00007ffaf00b0000 - 0x00007ffaf00e4000 	C:\WINDOWS\system32\rsaenh.dll
0x00007ffaf1850000 - 0x00007ffaf1877000 	C:\WINDOWS\System32\bcrypt.dll
0x00007ffaf0e50000 - 0x00007ffaf0e7e000 	C:\WINDOWS\SYSTEM32\USERENV.dll
0x00007ffaf1670000 - 0x00007ffaf16f0000 	C:\WINDOWS\System32\bcryptprimitives.dll
0x00007ffaf0970000 - 0x00007ffaf097c000 	C:\WINDOWS\SYSTEM32\CRYPTBASE.dll

VM Arguments:
jvm_args: -Djava.security.manager=worker.org.gradle.process.internal.worker.child.BootstrapSecurityManager -Dorg.gradle.native=false -Xmx1G -Dfile.encoding=windows-1252 -Duser.country=NO -Duser.language=no -Duser.variant -ea 
java_command: worker.org.gradle.process.internal.worker.GradleWorkerMain 'Gradle Test Executor 9'
java_class_path (initial): R:\gradle-6.5\caches\6.8.1\workerMain\gradle-worker.jar
Launcher Type: SUN_STANDARD

Environment Variables:
JAVA_HOME=C:\Program Files\Java\jdk-11.0.10
PATH=C:\Program Files\Common Files\Oracle\Java\javapath;C:\Program Files (x86)\Common Files\Intel\Shared Libraries\redist\intel64_win\compiler;C:\Program Files (x86)\Common Files\Oracle\Java\javapath;C:\ProgramData\Oracle\Java\javapath;C:\Program Files (x86)\Razer Chroma SDK\bin;C:\Program Files\Razer Chroma SDK\bin;C:\Program Files\Java\jdk1.8.0_60\bin;C:\Program Files (x86)\Intel\iCLS Client\;C:\Program Files\Intel\iCLS Client\;C:\Windows\system32;C:\Windows;C:\Windows\System32\Wbem;C:\Windows\System32\WindowsPowerShell\v1.0\;C:\Program Files (x86)\NVIDIA Corporation\PhysX\Common;C:\Program Files (x86)\Intel\Intel(R) Management Engine Components\DAL;C:\Program Files\Intel\Intel(R) Management Engine Components\DAL;C:\Program Files (x86)\Intel\Intel(R) Management Engine Components\IPT;C:\Program Files\Intel\Intel(R) Management Engine Components\IPT;C:\WINDOWS\system32;C:\WINDOWS;C:\WINDOWS\System32\Wbem;C:\WINDOWS\System32\WindowsPowerShell\v1.0\;C:\Program Files (x86)\QuickTime\QTSystem\;C:\WINDOWS\system32;C:\WINDOWS;C:\WINDOWS\System32\Wbem;C:\WINDOWS\System32\WindowsPowerShell\v1.0\;R:\Lua\5.1;R:\Lua\5.1\clibs;C:\Program Files (x86)\GtkSharp\2.12\bin;C:\Program Files\dotnet\;D:\Program Files\Git\cmd;C:\WINDOWS\System32\OpenSSH\;D:\Program Files\Microsoft VS Code\bin;D:\Program Files\CMake\bin;R:\Go\bin;C:\Program Files\Microsoft SQL Server\Client SDK\ODBC\170\Tools\Binn\;C:\Program Files\WireGuard\;R:\.m2\bin;C:\Program Files (x86)\Common Files\Intel\Shared Libraries\redist\intel64_win\compiler;D:\Ruby23\bin;R:\Ruby23-x64\bin;C:\Users\Ellie\AppData\Local\Microsoft\WindowsApps;GRADLE_HOME/bin;D:\Program Files\Python3;D:\Program Files\Microsoft VS Code\bin;D:\Ellie\Documents\mongodb-win32-x86_64-2008plus-ssl-4.0.1\bin;D:\AppData\Microsoft VS Code\bin;R:\Go\bin;C:\Users\Dominic\AppData\Local\Google\Cloud SDK\google-cloud-sdk\bin;R:\gradle-6.5\bin;D:\Ellie\repo\apache-maven-3.6.0\bin;C:\Users\Ellie\AppData\Local\gitkraken\bin;
USERNAME=Ellie
OS=Windows_NT
PROCESSOR_IDENTIFIER=Intel64 Family 6 Model 94 Stepping 3, GenuineIntel



---------------  S Y S T E M  ---------------

OS: Windows 10.0 , 64 bit Build 19041 (10.0.19041.804)

CPU:total 8 (4 cores per cpu, 2 threads per core) family 6 model 94 stepping 3, cmov, cx8, fxsr, mmx, sse, sse2, sse3, ssse3, sse4.1, sse4.2, popcnt, avx, avx2, aes, clmul, erms, rtm, 3dnowpref, lzcnt, ht, tsc, tscinvbit, bmi1, bmi2, adx

Memory: 4k page, physical 16705120k(2712160k free), swap 21825120k(5508k free)

vm_info: Java HotSpot(TM) 64-Bit Server VM (25.60-b23) for windows-amd64 JRE (1.8.0_60-b27), built on Aug  4 2015 11:06:27 by "java_re" with MS VC++ 10.0 (VS2010)

time: Sun Mar 21 01:36:47 2021
elapsed time: 3 seconds (0d 0h 0m 3s)

