#
# A fatal error has been detected by the Java Runtime Environment:
#
#  EXCEPTION_STACK_OVERFLOW (0xc00000fd) at pc=0x0000000003224dc3, pid=19552, tid=0x0000000000001738
#
# JRE version: Java(TM) SE Runtime Environment (8.0_231-b11) (build 1.8.0_231-b11)
# Java VM: Java HotSpot(TM) 64-Bit Server VM (25.231-b11 mixed mode windows-amd64 compressed oops)
# Problematic frame:
# j  org.junit.platform.engine.support.hierarchical.NodeTestTaskContext.getExecutionAdvisor()Lorg/junit/platform/engine/support/hierarchical/NodeExecutionAdvisor;+0
#
# Failed to write core dump. Minidumps are not enabled by default on client versions of Windows
#
# If you would like to submit a bug report, please visit:
#   http://bugreport.java.com/bugreport/crash.jsp
#

---------------  T H R E A D  ---------------

Current thread (0x0000000019b69800):  JavaThread "ForkJoinPool-1-worker-7" daemon [_thread_in_Java, id=5944, stack(0x000000001b560000,0x000000001b660000)]

siginfo: ExceptionCode=0xc00000fd, ExceptionInformation=0x0000000000000001 0x000000001b658fe0 

Registers:
RAX=0x000000001acf4dd0, RBX=0x000000001acf1340, RCX=0x00000000000000f8, RDX=0x000000001acf13b0
RSP=0x000000001b65efe0, RBP=0x000000001b65f020, RSI=0x0000000000000000, RDI=0x00000000edf73668
R8 =0x00000000edf73668, R9 =0x0000000000004001, R10=0x00000000586f8730, R11=0x0000000003340818
R12=0x0000000000000000, R13=0x000000001acf1328, R14=0x000000001b65f030, R15=0x0000000019b69800
RIP=0x0000000003224dc3, EFLAGS=0x0000000000010202

Top of Stack: (sp=0x000000001b65efe0)
0x000000001b65efe0:   000000001b65efe0 000000001acf1328
0x000000001b65eff0:   000000001b65f030 000000001acf13b0
0x000000001b65f000:   0000000000000000 000000001acf1340
0x000000001b65f010:   0000000000000000 000000001b65f030
0x000000001b65f020:   000000001b65f078 00000000032180e0
0x000000001b65f030:   00000000edab2e60 000000001b65f038
0x000000001b65f040:   000000001acf276c 000000001b65f088
0x000000001b65f050:   000000001acf3f60 0000000000000000
0x000000001b65f060:   000000001acf2790 000000001b65f030
0x000000001b65f070:   000000001b65f088 000000001b65f0d0
0x000000001b65f080:   00000000032181b4 00000000edf33020
0x000000001b65f090:   000000001b65f090 000000001ac6872c
0x000000001b65f0a0:   000000001b65f0f8 000000001acf4bb0
0x000000001b65f0b0:   0000000000000000 000000001ac687c0
0x000000001b65f0c0:   000000001b65f088 000000001b65f0f8
0x000000001b65f0d0:   000000001b65f140 000000000321835d 

Instructions: (pc=0x0000000003224dc3)
0x0000000003224da3:   00 f0 ff ff 89 84 24 00 e0 ff ff 89 84 24 00 d0
0x0000000003224db3:   ff ff 89 84 24 00 c0 ff ff 89 84 24 00 b0 ff ff
0x0000000003224dc3:   89 84 24 00 a0 ff ff 41 c6 87 95 02 00 00 00 80
0x0000000003224dd3:   3d 06 30 4e 55 00 0f 84 32 00 00 00 48 8b 55 e8 


Register to memory mapping:

RAX=0x000000001acf4dd0 is pointing into metadata
RBX={method} {0x000000001acf1348} 'getExecutionAdvisor' '()Lorg/junit/platform/engine/support/hierarchical/NodeExecutionAdvisor;' in 'org/junit/platform/engine/support/hierarchical/NodeTestTaskContext'
RCX=0x00000000000000f8 is an unknown value
RDX=0x000000001acf13b0 is pointing into metadata
RSP=0x000000001b65efe0 is pointing into the stack for thread: 0x0000000019b69800
RBP=0x000000001b65f020 is pointing into the stack for thread: 0x0000000019b69800
RSI=0x0000000000000000 is an unknown value
RDI=0x00000000edf73668 is an oop
org.junit.platform.engine.support.hierarchical.ForkJoinPoolHierarchicalTestExecutorService$ExclusiveTask 
 - klass: 'org/junit/platform/engine/support/hierarchical/ForkJoinPoolHierarchicalTestExecutorService$ExclusiveTask'
R8 =0x00000000edf73668 is an oop
org.junit.platform.engine.support.hierarchical.ForkJoinPoolHierarchicalTestExecutorService$ExclusiveTask 
 - klass: 'org/junit/platform/engine/support/hierarchical/ForkJoinPoolHierarchicalTestExecutorService$ExclusiveTask'
R9 =0x0000000000004001 is an unknown value
R10=0x00000000586f8730 is an unknown value
R11=0x0000000003340818 is at entry_point+24 in (nmethod*)0x0000000003340690
R12=0x0000000000000000 is an unknown value
R13=0x000000001acf1328 is pointing into metadata
R14=0x000000001b65f030 is pointing into the stack for thread: 0x0000000019b69800
R15=0x0000000019b69800 is a thread


Stack: [0x000000001b560000,0x000000001b660000],  sp=0x000000001b65efe0,  free space=1019k
Native frames: (J=compiled Java code, j=interpreted, Vv=VM code, C=native code)
C  0x0000000003224dc3


---------------  P R O C E S S  ---------------

Java Threads: ( => current thread )
  0x0000000017bb3800 JavaThread "ForkJoinPool-1-worker-0" daemon [_thread_blocked, id=3160, stack(0x000000001b660000,0x000000001b760000)]
=>0x0000000019b69800 JavaThread "ForkJoinPool-1-worker-7" daemon [_thread_in_Java, id=5944, stack(0x000000001b560000,0x000000001b660000)]
  0x0000000019b5c000 JavaThread "ForkJoinPool-1-worker-6" daemon [_thread_blocked, id=10968, stack(0x000000001b460000,0x000000001b560000)]
  0x0000000019b56000 JavaThread "ForkJoinPool-1-worker-5" daemon [_thread_blocked, id=6392, stack(0x000000001b260000,0x000000001b360000)]
  0x0000000019b52800 JavaThread "ForkJoinPool-1-worker-4" daemon [_thread_blocked, id=16424, stack(0x000000001b160000,0x000000001b260000)]
  0x0000000019b52000 JavaThread "ForkJoinPool-1-worker-3" daemon [_thread_blocked, id=22536, stack(0x000000001b060000,0x000000001b160000)]
  0x0000000019b51000 JavaThread "ForkJoinPool-1-worker-2" daemon [_thread_in_vm, id=18388, stack(0x000000001af60000,0x000000001b060000)]
  0x0000000019728000 JavaThread "ForkJoinPool-1-worker-1" daemon [_thread_in_vm, id=9520, stack(0x000000001ae60000,0x000000001af60000)]
  0x00000000195a7000 JavaThread "/127.0.0.1:56405 to /127.0.0.1:56401 workers Thread 3" [_thread_in_native, id=20188, stack(0x000000001a960000,0x000000001aa60000)]
  0x00000000195a6000 JavaThread "/127.0.0.1:56405 to /127.0.0.1:56401 workers Thread 2" [_thread_blocked, id=16864, stack(0x000000001a860000,0x000000001a960000)]
  0x00000000192f0800 JavaThread "Test worker" [_thread_blocked, id=21588, stack(0x000000001a420000,0x000000001a520000)]
  0x0000000017c49000 JavaThread "Service Thread" daemon [_thread_blocked, id=22404, stack(0x0000000018950000,0x0000000018a50000)]
  0x0000000017bb0000 JavaThread "C1 CompilerThread3" daemon [_thread_blocked, id=14092, stack(0x0000000018850000,0x0000000018950000)]
  0x0000000017bb3000 JavaThread "C2 CompilerThread2" daemon [_thread_blocked, id=22116, stack(0x0000000018750000,0x0000000018850000)]
  0x0000000017ba7000 JavaThread "C2 CompilerThread1" daemon [_thread_blocked, id=22308, stack(0x0000000018650000,0x0000000018750000)]
  0x0000000017ba3000 JavaThread "C2 CompilerThread0" daemon [_thread_blocked, id=22920, stack(0x0000000018550000,0x0000000018650000)]
  0x0000000017ba0800 JavaThread "Attach Listener" daemon [_thread_blocked, id=18732, stack(0x0000000018450000,0x0000000018550000)]
  0x0000000017b9f800 JavaThread "Signal Dispatcher" daemon [_thread_blocked, id=12820, stack(0x0000000018350000,0x0000000018450000)]
  0x0000000015d2e000 JavaThread "Finalizer" daemon [_thread_blocked, id=18412, stack(0x0000000018000000,0x0000000018100000)]
  0x0000000017b20800 JavaThread "Reference Handler" daemon [_thread_blocked, id=19840, stack(0x0000000017f00000,0x0000000018000000)]
  0x0000000003112800 JavaThread "main" [_thread_blocked, id=17064, stack(0x0000000003010000,0x0000000003110000)]

Other Threads:
  0x0000000015d2a000 VMThread [stack: 0x0000000017a00000,0x0000000017b00000] [id=15908]
  0x0000000017cd7000 WatcherThread [stack: 0x0000000018a50000,0x0000000018b50000] [id=21100]

VM state:synchronizing (normal execution)

VM Mutex/Monitor currently owned by a thread:  ([mutex/lock_event])
[0x0000000002f4e050] Safepoint_lock - owner thread: 0x0000000015d2a000
[0x0000000002f4df50] Threads_lock - owner thread: 0x0000000015d2a000
[0x0000000003110850] Compile_lock - owner thread: 0x0000000019b52800

heap address: 0x00000000c0000000, size: 1024 MB, Compressed Oops mode: 32-bit
Narrow klass base: 0x0000000000000000, Narrow klass shift: 3
Compressed class space size: 1073741824 Address: 0x0000000100000000

Heap:
 PSYoungGen      total 76288K, used 64057K [0x00000000eab00000, 0x00000000f0000000, 0x0000000100000000)
  eden space 65536K, 97% used [0x00000000eab00000,0x00000000ee98e400,0x00000000eeb00000)
  from space 10752K, 0% used [0x00000000ef580000,0x00000000ef580000,0x00000000f0000000)
  to   space 10752K, 0% used [0x00000000eeb00000,0x00000000eeb00000,0x00000000ef580000)
 ParOldGen       total 175104K, used 0K [0x00000000c0000000, 0x00000000cab00000, 0x00000000eab00000)
  object space 175104K, 0% used [0x00000000c0000000,0x00000000c0000000,0x00000000cab00000)
 Metaspace       used 12489K, capacity 13542K, committed 13696K, reserved 1060864K
  class space    used 1661K, capacity 1889K, committed 1920K, reserved 1048576K

Card table byte_map: [0x00000000125d0000,0x00000000127e0000] byte_map_base: 0x0000000011fd0000

Marking Bits: (ParMarkBitMap*) 0x0000000058716d90
 Begin Bits: [0x0000000013140000, 0x0000000014140000)
 End Bits:   [0x0000000014140000, 0x0000000015140000)

Polling page: 0x0000000001160000

CodeCache: size=245760Kb used=4890Kb max_used=4890Kb free=240869Kb
 bounds [0x0000000003210000, 0x00000000036e0000, 0x0000000012210000]
 total_blobs=1824 nmethods=1456 adapters=280
 compilation: enabled

Compilation events (10 events):
Event: 1.102 Thread 0x0000000017bb0000 1449       3       jdk.internal.org.objectweb.asm.FieldWriter::getSize (262 bytes)
Event: 1.103 Thread 0x0000000017bb0000 nmethod 1449 0x00000000036d2bd0 code [0x00000000036d2e60, 0x00000000036d3d68]
Event: 1.103 Thread 0x0000000017bb0000 1451       3       java.lang.reflect.Constructor::setConstructorAccessor (21 bytes)
Event: 1.103 Thread 0x0000000017bb0000 nmethod 1451 0x00000000036d4510 code [0x00000000036d4680, 0x00000000036d4a28]
Event: 1.103 Thread 0x0000000017bb0000 1450       3       jdk.internal.org.objectweb.asm.FieldWriter::put (472 bytes)
Event: 1.104 Thread 0x0000000017bb0000 nmethod 1450 0x00000000036d4b50 code [0x00000000036d4f00, 0x00000000036d62f8]
Event: 1.104 Thread 0x0000000017bb0000 1452       1       java.lang.invoke.MethodHandleImpl$IntrinsicMethodHandle::getTarget (5 bytes)
Event: 1.104 Thread 0x0000000017bb0000 nmethod 1452 0x00000000036d6c10 code [0x00000000036d6d60, 0x00000000036d6e70]
Event: 1.104 Thread 0x0000000017bb0000 1453       1       java.lang.invoke.MethodHandle::internalForm (5 bytes)
Event: 1.104 Thread 0x0000000017bb0000 nmethod 1453 0x00000000036d6ed0 code [0x00000000036d7020, 0x00000000036d7130]

GC Heap History (0 events):
No events

Deoptimization events (10 events):
Event: 0.890 Thread 0x00000000192f0800 Uncommon trap: reason=bimorphic action=maybe_recompile pc=0x00000000035acd00 method=java.util.HashMap.putVal(ILjava/lang/Object;Ljava/lang/Object;ZZ)Ljava/lang/Object; @ 203
Event: 0.891 Thread 0x00000000192f0800 Uncommon trap: reason=bimorphic action=maybe_recompile pc=0x00000000035acd00 method=java.util.HashMap.putVal(ILjava/lang/Object;Ljava/lang/Object;ZZ)Ljava/lang/Object; @ 203
Event: 0.891 Thread 0x00000000192f0800 Uncommon trap: reason=bimorphic action=maybe_recompile pc=0x00000000035acd00 method=java.util.HashMap.putVal(ILjava/lang/Object;Ljava/lang/Object;ZZ)Ljava/lang/Object; @ 203
Event: 1.009 Thread 0x00000000192f0800 Uncommon trap: reason=unstable_if action=reinterpret pc=0x000000000356249c method=jdk.internal.org.objectweb.asm.Type.getArgumentsAndReturnSizes(Ljava/lang/String;)I @ 88
Event: 1.022 Thread 0x00000000192f0800 Uncommon trap: reason=bimorphic action=maybe_recompile pc=0x00000000035bf15c method=java.util.HashMap.putVal(ILjava/lang/Object;Ljava/lang/Object;ZZ)Ljava/lang/Object; @ 203
Event: 1.061 Thread 0x0000000019728000 Uncommon trap: reason=predicate action=maybe_recompile pc=0x000000000369ed78 method=java.util.AbstractCollection.toArray([Ljava/lang/Object;)[Ljava/lang/Object; @ 49
Event: 1.078 Thread 0x0000000019728000 Uncommon trap: reason=array_check action=maybe_recompile pc=0x00000000036b4ee8 method=java.util.AbstractCollection.toArray([Ljava/lang/Object;)[Ljava/lang/Object; @ 119
Event: 1.078 Thread 0x0000000019728000 Uncommon trap: reason=array_check action=maybe_recompile pc=0x00000000036b4ee8 method=java.util.AbstractCollection.toArray([Ljava/lang/Object;)[Ljava/lang/Object; @ 119
Event: 1.078 Thread 0x0000000019728000 Uncommon trap: reason=array_check action=maybe_recompile pc=0x00000000036b4ee8 method=java.util.AbstractCollection.toArray([Ljava/lang/Object;)[Ljava/lang/Object; @ 119
Event: 1.078 Thread 0x0000000019728000 Uncommon trap: reason=array_check action=maybe_recompile pc=0x00000000036b4ee8 method=java.util.AbstractCollection.toArray([Ljava/lang/Object;)[Ljava/lang/Object; @ 119

Classes redefined (0 events):
No events

Internal exceptions (10 events):
Event: 0.958 Thread 0x00000000192f0800 Exception <a 'java/lang/NoSuchMethodError': java.lang.Object.containsTests(Lorg/junit/platform/engine/TestDescriptor;)Z> (0x00000000ed5bed78) thrown at [C:\re\workspace\8-2-build-windows-amd64-cygwin\jdk8u231\13620\hotspot\src\share\vm\interpreter\linkRes
Event: 0.976 Thread 0x00000000192f0800 Exception <a 'java/lang/IncompatibleClassChangeError': Found class java.lang.Object, but interface was expected> (0x00000000ed72ec38) thrown at [C:\re\workspace\8-2-build-windows-amd64-cygwin\jdk8u231\13620\hotspot\src\share\vm\interpreter\linkResolver.cp
Event: 0.991 Thread 0x00000000192f0800 Exception <a 'java/lang/NoSuchMethodError': java.lang.Object.lambda$get$0(Ljava/util/function/Function;Ljava/lang/String;Ljava/lang/String;)Ljava/lang/Object;> (0x00000000ed87a390) thrown at [C:\re\workspace\8-2-build-windows-amd64-cygwin\jdk8u231\13620\h
Event: 1.008 Thread 0x00000000192f0800 Exception <a 'java/lang/NoSuchMethodError': java.lang.Object.lambda$comparing$77a9974f$1(Ljava/util/function/Function;Ljava/lang/Object;Ljava/lang/Object;)I> (0x00000000ed9c5350) thrown at [C:\re\workspace\8-2-build-windows-amd64-cygwin\jdk8u231\13620\hot
Event: 1.010 Thread 0x00000000192f0800 Exception <a 'java/lang/NoSuchMethodError': java.lang.Object.lambda$thenComparing$36697e65$1(Ljava/util/Comparator;Ljava/lang/Object;Ljava/lang/Object;)I> (0x00000000ed9d5180) thrown at [C:\re\workspace\8-2-build-windows-amd64-cygwin\jdk8u231\13620\hotspo
Event: 1.010 Thread 0x00000000192f0800 Exception <a 'java/lang/NoSuchMethodError': java.lang.Object.lambda$comparing$ea9a8b3a$1(Ljava/util/Comparator;Ljava/util/function/Function;Ljava/lang/Object;Ljava/lang/Object;)I> (0x00000000ed9dc808) thrown at [C:\re\workspace\8-2-build-windows-amd64-cyg
Event: 1.066 Thread 0x0000000019728000 Exception <a 'java/lang/NoSuchMethodError': java.lang.Object.lambda$and$0(Ljava/util/function/Predicate;Ljava/lang/Object;)Z> (0x00000000ede02680) thrown at [C:\re\workspace\8-2-build-windows-amd64-cygwin\jdk8u231\13620\hotspot\src\share\vm\interpreter\li
Event: 1.103 Thread 0x0000000019b52800 Exception <a 'java/lang/IncompatibleClassChangeError': Found class java.lang.Object, but interface was expected> (0x00000000ee31db90) thrown at [C:\re\workspace\8-2-build-windows-amd64-cygwin\jdk8u231\13620\hotspot\src\share\vm\interpreter\linkResolver.cp
Event: 1.103 Thread 0x0000000019b51000 Exception <a 'java/lang/IncompatibleClassChangeError': Found class java.lang.Object, but interface was expected> (0x00000000ee086580) thrown at [C:\re\workspace\8-2-build-windows-amd64-cygwin\jdk8u231\13620\hotspot\src\share\vm\interpreter\linkResolver.cp
Event: 1.103 Thread 0x0000000019728000 Exception <a 'java/lang/IncompatibleClassChangeError': Found class java.lang.Object, but interface was expected> (0x00000000edf9ea10) thrown at [C:\re\workspace\8-2-build-windows-amd64-cygwin\jdk8u231\13620\hotspot\src\share\vm\interpreter\linkResolver.cp

Events (10 events):
Event: 1.104 loading class org/junit/jupiter/engine/execution/InvocationInterceptorChain$InterceptorCall
Event: 1.104 loading class org/junit/jupiter/engine/execution/ExecutableInvoker$ReflectiveInterceptorCall
Event: 1.104 loading class org/junit/jupiter/engine/execution/InvocationInterceptorChain$InterceptorCall done
Event: 1.104 loading class org/junit/jupiter/engine/execution/ExecutableInvoker$ReflectiveInterceptorCall done
Event: 1.104 loading class org/junit/jupiter/engine/execution/ExecutableInvoker$ReflectiveInterceptorCall
Event: 1.104 loading class org/junit/jupiter/engine/execution/ExecutableInvoker$ReflectiveInterceptorCall done
Event: 1.104 loading class org/junit/jupiter/engine/execution/ExecutableInvoker$ReflectiveInterceptorCall
Event: 1.104 loading class org/junit/jupiter/engine/execution/ExecutableInvoker$ReflectiveInterceptorCall done
Event: 1.104 loading class org/junit/jupiter/engine/execution/ExecutableInvoker$ReflectiveInterceptorCall
Event: 1.104 loading class org/junit/jupiter/engine/execution/ExecutableInvoker$ReflectiveInterceptorCall done


Dynamic libraries:
0x00007ff61cb10000 - 0x00007ff61cb47000 	C:\Program Files\Java\jdk1.8.0_231\bin\java.exe
0x00007ffaf3850000 - 0x00007ffaf3a45000 	C:\WINDOWS\SYSTEM32\ntdll.dll
0x00007ffaf1c30000 - 0x00007ffaf1ced000 	C:\WINDOWS\System32\KERNEL32.DLL
0x00007ffaf13a0000 - 0x00007ffaf1669000 	C:\WINDOWS\System32\KERNELBASE.dll
0x00007ffaf24e0000 - 0x00007ffaf258c000 	C:\WINDOWS\System32\ADVAPI32.dll
0x00007ffaf1cf0000 - 0x00007ffaf1d8e000 	C:\WINDOWS\System32\msvcrt.dll
0x00007ffaf2d60000 - 0x00007ffaf2dfc000 	C:\WINDOWS\System32\sechost.dll
0x00007ffaf18c0000 - 0x00007ffaf19eb000 	C:\WINDOWS\System32\RPCRT4.dll
0x00007ffaf2e70000 - 0x00007ffaf3010000 	C:\WINDOWS\System32\USER32.dll
0x00007ffaf1880000 - 0x00007ffaf18a2000 	C:\WINDOWS\System32\win32u.dll
0x00007ffaf1a10000 - 0x00007ffaf1a3a000 	C:\WINDOWS\System32\GDI32.dll
0x00007ffaf1290000 - 0x00007ffaf139b000 	C:\WINDOWS\System32\gdi32full.dll
0x00007ffaf1140000 - 0x00007ffaf11dd000 	C:\WINDOWS\System32\msvcp_win.dll
0x00007ffaf0f90000 - 0x00007ffaf1090000 	C:\WINDOWS\System32\ucrtbase.dll
0x00007ffae7da0000 - 0x00007ffae803a000 	C:\WINDOWS\WinSxS\amd64_microsoft.windows.common-controls_6595b64144ccf1df_6.0.19041.844_none_ca00b6081b84eb1d\COMCTL32.dll
0x00007ffaf37e0000 - 0x00007ffaf3810000 	C:\WINDOWS\System32\IMM32.DLL
0x000000005a800000 - 0x000000005a8d2000 	C:\Program Files\Java\jdk1.8.0_231\jre\bin\msvcr100.dll
0x0000000057ef0000 - 0x0000000058796000 	C:\Program Files\Java\jdk1.8.0_231\jre\bin\server\jvm.dll
0x00007ffaf1b50000 - 0x00007ffaf1b58000 	C:\WINDOWS\System32\PSAPI.DLL
0x00007ffadf1d0000 - 0x00007ffadf1d9000 	C:\WINDOWS\SYSTEM32\WSOCK32.dll
0x00007ffae9030000 - 0x00007ffae9057000 	C:\WINDOWS\SYSTEM32\WINMM.dll
0x00007ffaebde0000 - 0x00007ffaebdea000 	C:\WINDOWS\SYSTEM32\VERSION.dll
0x00007ffaf2e00000 - 0x00007ffaf2e6b000 	C:\WINDOWS\System32\WS2_32.dll
0x00007ffad5f90000 - 0x00007ffad5f9f000 	C:\Program Files\Java\jdk1.8.0_231\jre\bin\verify.dll
0x00007ffad5ac0000 - 0x00007ffad5ae9000 	C:\Program Files\Java\jdk1.8.0_231\jre\bin\java.dll
0x00007ffacf640000 - 0x00007ffacf656000 	C:\Program Files\Java\jdk1.8.0_231\jre\bin\zip.dll
0x00007ffaf2610000 - 0x00007ffaf2d52000 	C:\WINDOWS\System32\SHELL32.dll
0x00007ffaeee20000 - 0x00007ffaef5b0000 	C:\WINDOWS\SYSTEM32\windows.storage.dll
0x00007ffaf3180000 - 0x00007ffaf34d5000 	C:\WINDOWS\System32\combase.dll
0x00007ffaf0a00000 - 0x00007ffaf0a2c000 	C:\WINDOWS\SYSTEM32\Wldp.dll
0x00007ffaf3670000 - 0x00007ffaf371e000 	C:\WINDOWS\System32\SHCORE.dll
0x00007ffaf3780000 - 0x00007ffaf37d5000 	C:\WINDOWS\System32\shlwapi.dll
0x00007ffaf0ed0000 - 0x00007ffaf0eef000 	C:\WINDOWS\SYSTEM32\profapi.dll
0x00007ffacd030000 - 0x00007ffacd04a000 	C:\Program Files\Java\jdk1.8.0_231\jre\bin\net.dll
0x00007ffaf0780000 - 0x00007ffaf07ea000 	C:\WINDOWS\system32\mswsock.dll
0x00007ffaccbb0000 - 0x00007ffaccbc2000 	C:\Program Files\Java\jdk1.8.0_231\jre\bin\nio.dll
0x00007ffaf0950000 - 0x00007ffaf0968000 	C:\WINDOWS\SYSTEM32\CRYPTSP.dll
0x00007ffaf00b0000 - 0x00007ffaf00e4000 	C:\WINDOWS\system32\rsaenh.dll
0x00007ffaf1850000 - 0x00007ffaf1877000 	C:\WINDOWS\System32\bcrypt.dll
0x00007ffaf0e50000 - 0x00007ffaf0e7e000 	C:\WINDOWS\SYSTEM32\USERENV.dll
0x00007ffaf1670000 - 0x00007ffaf16f0000 	C:\WINDOWS\System32\bcryptprimitives.dll
0x00007ffaf0970000 - 0x00007ffaf097c000 	C:\WINDOWS\SYSTEM32\CRYPTBASE.dll
0x00007ffaf0420000 - 0x00007ffaf045b000 	C:\WINDOWS\SYSTEM32\IPHLPAPI.DLL
0x00007ffaf18b0000 - 0x00007ffaf18b8000 	C:\WINDOWS\System32\NSI.dll
0x00007ffaea420000 - 0x00007ffaea437000 	C:\WINDOWS\SYSTEM32\dhcpcsvc6.DLL
0x00007ffaea5b0000 - 0x00007ffaea5cd000 	C:\WINDOWS\SYSTEM32\dhcpcsvc.DLL
0x00007ffaf0470000 - 0x00007ffaf053b000 	C:\WINDOWS\SYSTEM32\DNSAPI.dll

VM Arguments:
jvm_args: -Djava.security.manager=worker.org.gradle.process.internal.worker.child.BootstrapSecurityManager -Dorg.gradle.native=false -Xmx1G -Dfile.encoding=windows-1252 -Duser.country=NO -Duser.language=no -Duser.variant -ea 
java_command: worker.org.gradle.process.internal.worker.GradleWorkerMain 'Gradle Test Executor 11'
java_class_path (initial): R:\gradle-6.5\caches\6.8.1\workerMain\gradle-worker.jar
Launcher Type: SUN_STANDARD

Environment Variables:
JAVA_HOME=C:\Program Files\Java\jdk-11.0.10
PATH=C:\Program Files\Common Files\Oracle\Java\javapath;C:\Program Files (x86)\Common Files\Intel\Shared Libraries\redist\intel64_win\compiler;C:\Program Files (x86)\Common Files\Oracle\Java\javapath;C:\ProgramData\Oracle\Java\javapath;C:\Program Files (x86)\Razer Chroma SDK\bin;C:\Program Files\Razer Chroma SDK\bin;C:\Program Files\Java\jdk1.8.0_60\bin;C:\Program Files (x86)\Intel\iCLS Client\;C:\Program Files\Intel\iCLS Client\;C:\Windows\system32;C:\Windows;C:\Windows\System32\Wbem;C:\Windows\System32\WindowsPowerShell\v1.0\;C:\Program Files (x86)\NVIDIA Corporation\PhysX\Common;C:\Program Files (x86)\Intel\Intel(R) Management Engine Components\DAL;C:\Program Files\Intel\Intel(R) Management Engine Components\DAL;C:\Program Files (x86)\Intel\Intel(R) Management Engine Components\IPT;C:\Program Files\Intel\Intel(R) Management Engine Components\IPT;C:\WINDOWS\system32;C:\WINDOWS;C:\WINDOWS\System32\Wbem;C:\WINDOWS\System32\WindowsPowerShell\v1.0\;C:\Program Files (x86)\QuickTime\QTSystem\;C:\WINDOWS\system32;C:\WINDOWS;C:\WINDOWS\System32\Wbem;C:\WINDOWS\System32\WindowsPowerShell\v1.0\;R:\Lua\5.1;R:\Lua\5.1\clibs;C:\Program Files (x86)\GtkSharp\2.12\bin;C:\Program Files\dotnet\;D:\Program Files\Git\cmd;C:\WINDOWS\System32\OpenSSH\;D:\Program Files\Microsoft VS Code\bin;D:\Program Files\CMake\bin;R:\Go\bin;C:\Program Files\Microsoft SQL Server\Client SDK\ODBC\170\Tools\Binn\;C:\Program Files\WireGuard\;R:\.m2\bin;C:\Program Files (x86)\Common Files\Intel\Shared Libraries\redist\intel64_win\compiler;D:\Ruby23\bin;R:\Ruby23-x64\bin;C:\Users\Ellie\AppData\Local\Microsoft\WindowsApps;GRADLE_HOME/bin;D:\Program Files\Python3;D:\Program Files\Microsoft VS Code\bin;D:\Ellie\Documents\mongodb-win32-x86_64-2008plus-ssl-4.0.1\bin;D:\AppData\Microsoft VS Code\bin;R:\Go\bin;C:\Users\Dominic\AppData\Local\Google\Cloud SDK\google-cloud-sdk\bin;R:\gradle-6.5\bin;D:\Ellie\repo\apache-maven-3.6.0\bin;C:\Users\Ellie\AppData\Local\gitkraken\bin;
USERNAME=Ellie
OS=Windows_NT
PROCESSOR_IDENTIFIER=Intel64 Family 6 Model 94 Stepping 3, GenuineIntel



---------------  S Y S T E M  ---------------

OS: Windows 10.0 , 64 bit Build 19041 (10.0.19041.804)

CPU:total 8 (initial active 8) (4 cores per cpu, 2 threads per core) family 6 model 94 stepping 3, cmov, cx8, fxsr, mmx, sse, sse2, sse3, ssse3, sse4.1, sse4.2, popcnt, avx, avx2, aes, clmul, erms, rtm, 3dnowpref, lzcnt, ht, tsc, tscinvbit, bmi1, bmi2, adx

Memory: 4k page, physical 16705120k(2694104k free), swap 21825120k(4120k free)

vm_info: Java HotSpot(TM) 64-Bit Server VM (25.231-b11) for windows-amd64 JRE (1.8.0_231-b11), built on Oct  5 2019 03:11:30 by "java_re" with MS VC++ 10.0 (VS2010)

time: Sun Mar 21 01:38:20 2021
timezone: BST (Britisk normaltid)
elapsed time: 1 seconds (0d 0h 0m 1s)

